Build started 2018/4/9 20:07:52.
     1>Project "F:\算法学习\practice\practice\practice.vcxproj" on node 2 (build target(s)).
     1>InitializeBuildStatus:
         Creating "Debug\practice.unsuccessfulbuild" because "AlwaysCreate" was specified.
       ClCompile:
         E:\vs2010\VC\bin\CL.exe /c /ZI /nologo /W3 /WX- /Od /Oy- /D WIN32 /D _DEBUG /D _CONSOLE /D _UNICODE /D UNICODE /Gm /EHsc /RTC1 /MDd /GS /fp:precise /Zc:wchar_t /Zc:forScope /Fo"Debug\\" /Fd"Debug\vc100.pdb" /Gd /TP /analyze- /errorReport:prompt main.cpp
         main.cpp
       ManifestResourceCompile:
         All outputs are up-to-date.
       Link:
         E:\vs2010\VC\bin\link.exe /ERRORREPORT:PROMPT /OUT:"F:\算法学习\practice\Debug\practice.exe" /INCREMENTAL /NOLOGO kernel32.lib user32.lib gdi32.lib winspool.lib comdlg32.lib advapi32.lib shell32.lib ole32.lib oleaut32.lib uuid.lib odbc32.lib odbccp32.lib /MANIFEST /ManifestFile:"Debug\practice.exe.intermediate.manifest" /MANIFESTUAC:"level='asInvoker' uiAccess='false'" /DEBUG /PDB:"F:\算法学习\practice\Debug\practice.pdb" /SUBSYSTEM:CONSOLE /TLBID:1 /DYNAMICBASE /NXCOMPAT /IMPLIB:"F:\算法学习\practice\Debug\practice.lib" /MACHINE:X86 Debug\practice.exe.embed.manifest.res
         Debug\main.obj
       Manifest:
         C:\Program Files (x86)\Microsoft SDKs\Windows\v7.0A\bin\mt.exe /nologo /verbose /out:"Debug\practice.exe.embed.manifest" /manifest Debug\practice.exe.intermediate.manifest
         All outputs are up-to-date.
       LinkEmbedManifest:
         All outputs are up-to-date.
         practice.vcxproj -> F:\算法学习\practice\Debug\practice.exe
       FinalizeBuildStatus:
         Deleting file "Debug\practice.unsuccessfulbuild".
         Touching "Debug\practice.lastbuildstate".
     1>Done Building Project "F:\算法学习\practice\practice\practice.vcxproj" (build target(s)).

Build succeeded.

Time Elapsed 00:00:03.99
