F:\C++FROMZERO\算法学习\GRAPHWEIGHT\GRAPHWEIGHT\DEBUG\GRAPHWEIGHT.EXE
F:\C++FROMZERO\算法学习\GRAPHWEIGHT\GRAPHWEIGHT\DEBUG\GRAPHWEIGHT.ILK
F:\C++FROMZERO\算法学习\GRAPHWEIGHT\GRAPHWEIGHT\DEBUG\GRAPHWEIGHT.PDB
F:\c++FromZero\算法学习\GraphWeight\GraphWeight\GraphWeight\Debug\cl.command.1.tlog
F:\c++FromZero\算法学习\GraphWeight\GraphWeight\GraphWeight\Debug\CL.read.1.tlog
F:\c++FromZero\算法学习\GraphWeight\GraphWeight\GraphWeight\Debug\CL.write.1.tlog
F:\C++FROMZERO\算法学习\GRAPHWEIGHT\GRAPHWEIGHT\GRAPHWEIGHT\DEBUG\GRAPHWEIGHT.EXE.EMBED.MANIFEST
F:\C++FROMZERO\算法学习\GRAPHWEIGHT\GRAPHWEIGHT\GRAPHWEIGHT\DEBUG\GRAPHWEIGHT.EXE.EMBED.MANIFEST.RES
F:\C++FROMZERO\算法学习\GRAPHWEIGHT\GRAPHWEIGHT\GRAPHWEIGHT\DEBUG\GRAPHWEIGHT.EXE.INTERMEDIATE.MANIFEST
F:\c++FromZero\算法学习\GraphWeight\GraphWeight\GraphWeight\Debug\GraphWeight.vcxprojResolveAssemblyReference.cache
F:\c++FromZero\算法学习\GraphWeight\GraphWeight\GraphWeight\Debug\GraphWeight.write.1.tlog
F:\c++FromZero\算法学习\GraphWeight\GraphWeight\GraphWeight\Debug\GraphWeight_manifest.rc
F:\c++FromZero\算法学习\GraphWeight\GraphWeight\GraphWeight\Debug\link.13076.read.1.tlog
F:\c++FromZero\算法学习\GraphWeight\GraphWeight\GraphWeight\Debug\link.13076.write.1.tlog
F:\c++FromZero\算法学习\GraphWeight\GraphWeight\GraphWeight\Debug\link.13076-cvtres.read.1.tlog
F:\c++FromZero\算法学习\GraphWeight\GraphWeight\GraphWeight\Debug\link.13076-cvtres.write.1.tlog
F:\c++FromZero\算法学习\GraphWeight\GraphWeight\GraphWeight\Debug\link.command.1.tlog
F:\c++FromZero\算法学习\GraphWeight\GraphWeight\GraphWeight\Debug\link.read.1.tlog
F:\c++FromZero\算法学习\GraphWeight\GraphWeight\GraphWeight\Debug\link.write.1.tlog
F:\c++FromZero\算法学习\GraphWeight\GraphWeight\GraphWeight\Debug\link-cvtres.read.1.tlog
F:\c++FromZero\算法学习\GraphWeight\GraphWeight\GraphWeight\Debug\link-cvtres.write.1.tlog
F:\c++FromZero\算法学习\GraphWeight\GraphWeight\GraphWeight\Debug\mt.command.1.tlog
F:\c++FromZero\算法学习\GraphWeight\GraphWeight\GraphWeight\Debug\mt.read.1.tlog
F:\c++FromZero\算法学习\GraphWeight\GraphWeight\GraphWeight\Debug\mt.write.1.tlog
F:\c++FromZero\算法学习\GraphWeight\GraphWeight\GraphWeight\Debug\rc.command.1.tlog
F:\c++FromZero\算法学习\GraphWeight\GraphWeight\GraphWeight\Debug\rc.read.1.tlog
F:\c++FromZero\算法学习\GraphWeight\GraphWeight\GraphWeight\Debug\rc.write.1.tlog
F:\c++FromZero\算法学习\GraphWeight\GraphWeight\GraphWeight\Debug\vc100.idb
F:\C++FROMZERO\算法学习\GRAPHWEIGHT\GRAPHWEIGHT\GRAPHWEIGHT\DEBUG\VC100.PDB
