Build started 2017/12/18 22:19:54.
     1>Project "F:\c++FromZero\算法学习\GraphWeight\GraphWeight\GraphWeight\GraphWeight.vcxproj" on node 2 (build target(s)).
     1>InitializeBuildStatus:
         Touching "Debug\GraphWeight.unsuccessfulbuild".
       ClCompile:
         E:\vs2010\VC\bin\CL.exe /c /ZI /nologo /W3 /WX- /Od /Oy- /D WIN32 /D _DEBUG /D _CONSOLE /D _UNICODE /D UNICODE /Gm /EHsc /RTC1 /MDd /GS /fp:precise /Zc:wchar_t /Zc:forScope /Fo"Debug\\" /Fd"Debug\vc100.pdb" /Gd /TP /analyze- /errorReport:prompt main.cpp
         main.cpp
     1>f:\c++fromzero\算法学习\graphweight\graphweight\graphweight\sparsegraph.h(56): warning C4018: '<' : signed/unsigned mismatch
                 f:\c++fromzero\算法学习\graphweight\graphweight\graphweight\sparsegraph.h(53) : while compiling class template member function 'void SparseGraph<Weight>::show(void)'
                 with
                 [
                     Weight=double
                 ]
                 f:\c++fromzero\算法学习\graphweight\graphweight\graphweight\main.cpp(21) : see reference to class template instantiation 'SparseGraph<Weight>' being compiled
                 with
                 [
                     Weight=double
                 ]
       ManifestResourceCompile:
         All outputs are up-to-date.
       Link:
         E:\vs2010\VC\bin\link.exe /ERRORREPORT:PROMPT /OUT:"F:\c++FromZero\算法学习\GraphWeight\GraphWeight\Debug\GraphWeight.exe" /INCREMENTAL /NOLOGO kernel32.lib user32.lib gdi32.lib winspool.lib comdlg32.lib advapi32.lib shell32.lib ole32.lib oleaut32.lib uuid.lib odbc32.lib odbccp32.lib /MANIFEST /ManifestFile:"Debug\GraphWeight.exe.intermediate.manifest" /MANIFESTUAC:"level='asInvoker' uiAccess='false'" /DEBUG /PDB:"F:\c++FromZero\算法学习\GraphWeight\GraphWeight\Debug\GraphWeight.pdb" /SUBSYSTEM:CONSOLE /TLBID:1 /DYNAMICBASE /NXCOMPAT /IMPLIB:"F:\c++FromZero\算法学习\GraphWeight\GraphWeight\Debug\GraphWeight.lib" /MACHINE:X86 Debug\GraphWeight.exe.embed.manifest.res
         Debug\main.obj
       Manifest:
         C:\Program Files (x86)\Microsoft SDKs\Windows\v7.0A\bin\mt.exe /nologo /verbose /out:"Debug\GraphWeight.exe.embed.manifest" /manifest Debug\GraphWeight.exe.intermediate.manifest
         All outputs are up-to-date.
       LinkEmbedManifest:
         All outputs are up-to-date.
         GraphWeight.vcxproj -> F:\c++FromZero\算法学习\GraphWeight\GraphWeight\Debug\GraphWeight.exe
       FinalizeBuildStatus:
         Deleting file "Debug\GraphWeight.unsuccessfulbuild".
         Touching "Debug\GraphWeight.lastbuildstate".
     1>Done Building Project "F:\c++FromZero\算法学习\GraphWeight\GraphWeight\GraphWeight\GraphWeight.vcxproj" (build target(s)).

Build succeeded.

Time Elapsed 00:00:02.39
